  ServerMain.cpp
E:\Fanshawe\Fall_Term\INFO_6016_Network_Programming\Projects\INFO-6016_Project2_AnaDjurkovic\Chat_Common\cBuffer.h(16,27): warning C4251: 'cBuffer::_buffer': class 'std::vector<char,std::allocator<char>>' needs to have dll-interface to be used by clients of class 'cBuffer'
E:\Fanshawe\Fall_Term\INFO_6016_Network_Programming\Projects\INFO-6016_Project2_AnaDjurkovic\Chat_Common\cBuffer.h(16): message : see declaration of 'std::vector<char,std::allocator<char>>'
E:\Fanshawe\Fall_Term\INFO_6016_Network_Programming\Projects\INFO-6016_Project2_AnaDjurkovic\Chat_Common\ProtocolManager.h(35,22): warning C4251: 'sPacket::roomname': class 'std::basic_string<char,std::char_traits<char>,std::allocator<char>>' needs to have dll-interface to be used by clients of struct 'sPacket'
C:\Program Files (x86)\Microsoft Visual Studio\2019\Community\VC\Tools\MSVC\14.28.29333\include\xstring(4648): message : see declaration of 'std::basic_string<char,std::char_traits<char>,std::allocator<char>>'
E:\Fanshawe\Fall_Term\INFO_6016_Network_Programming\Projects\INFO-6016_Project2_AnaDjurkovic\Chat_Common\ProtocolManager.h(37,22): warning C4251: 'sPacket::username': class 'std::basic_string<char,std::char_traits<char>,std::allocator<char>>' needs to have dll-interface to be used by clients of struct 'sPacket'
C:\Program Files (x86)\Microsoft Visual Studio\2019\Community\VC\Tools\MSVC\14.28.29333\include\xstring(4648): message : see declaration of 'std::basic_string<char,std::char_traits<char>,std::allocator<char>>'
E:\Fanshawe\Fall_Term\INFO_6016_Network_Programming\Projects\INFO-6016_Project2_AnaDjurkovic\Chat_Common\ProtocolManager.h(39,17): warning C4251: 'sPacket::msg': class 'std::basic_string<char,std::char_traits<char>,std::allocator<char>>' needs to have dll-interface to be used by clients of struct 'sPacket'
C:\Program Files (x86)\Microsoft Visual Studio\2019\Community\VC\Tools\MSVC\14.28.29333\include\xstring(4648): message : see declaration of 'std::basic_string<char,std::char_traits<char>,std::allocator<char>>'
E:\Fanshawe\Fall_Term\INFO_6016_Network_Programming\Projects\INFO-6016_Project2_AnaDjurkovic\Chat_Common\ProtocolManager.h(41,19): warning C4251: 'sPacket::email': class 'std::basic_string<char,std::char_traits<char>,std::allocator<char>>' needs to have dll-interface to be used by clients of struct 'sPacket'
C:\Program Files (x86)\Microsoft Visual Studio\2019\Community\VC\Tools\MSVC\14.28.29333\include\xstring(4648): message : see declaration of 'std::basic_string<char,std::char_traits<char>,std::allocator<char>>'
E:\Fanshawe\Fall_Term\INFO_6016_Network_Programming\Projects\INFO-6016_Project2_AnaDjurkovic\Chat_Common\ProtocolManager.h(43,22): warning C4251: 'sPacket::password': class 'std::basic_string<char,std::char_traits<char>,std::allocator<char>>' needs to have dll-interface to be used by clients of struct 'sPacket'
C:\Program Files (x86)\Microsoft Visual Studio\2019\Community\VC\Tools\MSVC\14.28.29333\include\xstring(4648): message : see declaration of 'std::basic_string<char,std::char_traits<char>,std::allocator<char>>'
E:\Fanshawe\Fall_Term\INFO_6016_Network_Programming\Projects\INFO-6016_Project2_AnaDjurkovic\Chat_Server\ServerMain.cpp(366,58): warning C4267: '=': conversion from 'size_t' to 'ULONG', possible loss of data
E:\Fanshawe\Fall_Term\INFO_6016_Network_Programming\Projects\INFO-6016_Project2_AnaDjurkovic\Chat_Server\ServerMain.cpp(422,47): warning C4267: '=': conversion from 'size_t' to 'int', possible loss of data
E:\Fanshawe\Fall_Term\INFO_6016_Network_Programming\Projects\INFO-6016_Project2_AnaDjurkovic\Chat_Server\ServerMain.cpp(445,61): warning C4267: '=': conversion from 'size_t' to 'ULONG', possible loss of data
E:\Fanshawe\Fall_Term\INFO_6016_Network_Programming\Projects\INFO-6016_Project2_AnaDjurkovic\Chat_Server\ServerMain.cpp(488,47): warning C4267: '=': conversion from 'size_t' to 'int', possible loss of data
E:\Fanshawe\Fall_Term\INFO_6016_Network_Programming\Projects\INFO-6016_Project2_AnaDjurkovic\Chat_Server\ServerMain.cpp(510,61): warning C4267: '=': conversion from 'size_t' to 'ULONG', possible loss of data
E:\Fanshawe\Fall_Term\INFO_6016_Network_Programming\Projects\INFO-6016_Project2_AnaDjurkovic\Chat_Server\ServerMain.cpp(543,47): warning C4267: '=': conversion from 'size_t' to 'int', possible loss of data
E:\Fanshawe\Fall_Term\INFO_6016_Network_Programming\Projects\INFO-6016_Project2_AnaDjurkovic\Chat_Server\ServerMain.cpp(565,61): warning C4267: '=': conversion from 'size_t' to 'ULONG', possible loss of data
E:\Fanshawe\Fall_Term\INFO_6016_Network_Programming\Projects\INFO-6016_Project2_AnaDjurkovic\Chat_Server\ServerMain.cpp(610,47): warning C4267: '=': conversion from 'size_t' to 'int', possible loss of data
E:\Fanshawe\Fall_Term\INFO_6016_Network_Programming\Projects\INFO-6016_Project2_AnaDjurkovic\Chat_Server\ServerMain.cpp(632,61): warning C4267: '=': conversion from 'size_t' to 'ULONG', possible loss of data
E:\Fanshawe\Fall_Term\INFO_6016_Network_Programming\Projects\INFO-6016_Project2_AnaDjurkovic\Chat_Server\ServerMain.cpp(692,55): warning C4267: 'initializing': conversion from 'size_t' to 'int', possible loss of data
     Creating library E:\Fanshawe\Fall_Term\INFO_6016_Network_Programming\Projects\INFO-6016_Project2_AnaDjurkovic\x64\Release\Chat_Server.lib and object E:\Fanshawe\Fall_Term\INFO_6016_Network_Programming\Projects\INFO-6016_Project2_AnaDjurkovic\x64\Release\Chat_Server.exp
  Generating code
  Previous IPDB not found, fall back to full compilation.
E:\Fanshawe\Fall_Term\INFO_6016_Network_Programming\Projects\INFO-6016_Project2_AnaDjurkovic\Chat_Server\ServerMain.cpp(287): warning C4715: 'init': not all control paths return a value
  All 386 functions were compiled because no usable IPDB/IOBJ from previous compilation was found.
  Finished generating code
  Chat_Server.vcxproj -> E:\Fanshawe\Fall_Term\INFO_6016_Network_Programming\Projects\INFO-6016_Project2_AnaDjurkovic\x64\Release\Chat_Server.exe
