  ProtocolManager.cpp
E:\Fanshawe\Fall_Term\INFO_6016_Network_Programming\Projects\INFO-6016_Project2_AnaDjurkovic\Chat_Common\cBuffer.h(16,27): warning C4251: 'cBuffer::_buffer': class 'std::vector<char,std::allocator<char>>' needs to have dll-interface to be used by clients of class 'cBuffer'
E:\Fanshawe\Fall_Term\INFO_6016_Network_Programming\Projects\INFO-6016_Project2_AnaDjurkovic\Chat_Common\cBuffer.h(16): message : see declaration of 'std::vector<char,std::allocator<char>>'
E:\Fanshawe\Fall_Term\INFO_6016_Network_Programming\Projects\INFO-6016_Project2_AnaDjurkovic\Chat_Common\ProtocolManager.h(38,22): warning C4251: 'sPacket::roomname': class 'std::basic_string<char,std::char_traits<char>,std::allocator<char>>' needs to have dll-interface to be used by clients of struct 'sPacket'
C:\Program Files (x86)\Microsoft Visual Studio\2019\Community\VC\Tools\MSVC\14.28.29333\include\xstring(4648): message : see declaration of 'std::basic_string<char,std::char_traits<char>,std::allocator<char>>'
E:\Fanshawe\Fall_Term\INFO_6016_Network_Programming\Projects\INFO-6016_Project2_AnaDjurkovic\Chat_Common\ProtocolManager.h(40,22): warning C4251: 'sPacket::username': class 'std::basic_string<char,std::char_traits<char>,std::allocator<char>>' needs to have dll-interface to be used by clients of struct 'sPacket'
C:\Program Files (x86)\Microsoft Visual Studio\2019\Community\VC\Tools\MSVC\14.28.29333\include\xstring(4648): message : see declaration of 'std::basic_string<char,std::char_traits<char>,std::allocator<char>>'
E:\Fanshawe\Fall_Term\INFO_6016_Network_Programming\Projects\INFO-6016_Project2_AnaDjurkovic\Chat_Common\ProtocolManager.h(42,17): warning C4251: 'sPacket::msg': class 'std::basic_string<char,std::char_traits<char>,std::allocator<char>>' needs to have dll-interface to be used by clients of struct 'sPacket'
C:\Program Files (x86)\Microsoft Visual Studio\2019\Community\VC\Tools\MSVC\14.28.29333\include\xstring(4648): message : see declaration of 'std::basic_string<char,std::char_traits<char>,std::allocator<char>>'
E:\Fanshawe\Fall_Term\INFO_6016_Network_Programming\Projects\INFO-6016_Project2_AnaDjurkovic\Chat_Common\ProtocolManager.h(44,19): warning C4251: 'sPacket::email': class 'std::basic_string<char,std::char_traits<char>,std::allocator<char>>' needs to have dll-interface to be used by clients of struct 'sPacket'
C:\Program Files (x86)\Microsoft Visual Studio\2019\Community\VC\Tools\MSVC\14.28.29333\include\xstring(4648): message : see declaration of 'std::basic_string<char,std::char_traits<char>,std::allocator<char>>'
E:\Fanshawe\Fall_Term\INFO_6016_Network_Programming\Projects\INFO-6016_Project2_AnaDjurkovic\Chat_Common\ProtocolManager.h(46,22): warning C4251: 'sPacket::password': class 'std::basic_string<char,std::char_traits<char>,std::allocator<char>>' needs to have dll-interface to be used by clients of struct 'sPacket'
C:\Program Files (x86)\Microsoft Visual Studio\2019\Community\VC\Tools\MSVC\14.28.29333\include\xstring(4648): message : see declaration of 'std::basic_string<char,std::char_traits<char>,std::allocator<char>>'
E:\Fanshawe\Fall_Term\INFO_6016_Network_Programming\Projects\INFO-6016_Project2_AnaDjurkovic\Chat_Common\ProtocolManager.cpp(50,58): warning C4267: '=': conversion from 'size_t' to 'int', possible loss of data
E:\Fanshawe\Fall_Term\INFO_6016_Network_Programming\Projects\INFO-6016_Project2_AnaDjurkovic\Chat_Common\ProtocolManager.cpp(52,41): warning C4267: '=': conversion from 'size_t' to 'int', possible loss of data
E:\Fanshawe\Fall_Term\INFO_6016_Network_Programming\Projects\INFO-6016_Project2_AnaDjurkovic\Chat_Common\ProtocolManager.cpp(70,58): warning C4267: '=': conversion from 'size_t' to 'int', possible loss of data
E:\Fanshawe\Fall_Term\INFO_6016_Network_Programming\Projects\INFO-6016_Project2_AnaDjurkovic\Chat_Common\ProtocolManager.cpp(72,37): warning C4267: '=': conversion from 'size_t' to 'int', possible loss of data
E:\Fanshawe\Fall_Term\INFO_6016_Network_Programming\Projects\INFO-6016_Project2_AnaDjurkovic\Chat_Common\ProtocolManager.cpp(90,58): warning C4267: '=': conversion from 'size_t' to 'int', possible loss of data
E:\Fanshawe\Fall_Term\INFO_6016_Network_Programming\Projects\INFO-6016_Project2_AnaDjurkovic\Chat_Common\ProtocolManager.cpp(92,37): warning C4267: '=': conversion from 'size_t' to 'int', possible loss of data
E:\Fanshawe\Fall_Term\INFO_6016_Network_Programming\Projects\INFO-6016_Project2_AnaDjurkovic\Chat_Common\ProtocolManager.cpp(125,90): warning C4267: '=': conversion from 'size_t' to 'int', possible loss of data
E:\Fanshawe\Fall_Term\INFO_6016_Network_Programming\Projects\INFO-6016_Project2_AnaDjurkovic\Chat_Common\ProtocolManager.cpp(127,43): warning C4267: '=': conversion from 'size_t' to 'int', possible loss of data
E:\Fanshawe\Fall_Term\INFO_6016_Network_Programming\Projects\INFO-6016_Project2_AnaDjurkovic\Chat_Common\ProtocolManager.cpp(129,49): warning C4267: '=': conversion from 'size_t' to 'int', possible loss of data
E:\Fanshawe\Fall_Term\INFO_6016_Network_Programming\Projects\INFO-6016_Project2_AnaDjurkovic\Chat_Common\ProtocolManager.cpp(164,90): warning C4267: '=': conversion from 'size_t' to 'int', possible loss of data
E:\Fanshawe\Fall_Term\INFO_6016_Network_Programming\Projects\INFO-6016_Project2_AnaDjurkovic\Chat_Common\ProtocolManager.cpp(166,43): warning C4267: '=': conversion from 'size_t' to 'int', possible loss of data
E:\Fanshawe\Fall_Term\INFO_6016_Network_Programming\Projects\INFO-6016_Project2_AnaDjurkovic\Chat_Common\ProtocolManager.cpp(168,49): warning C4267: '=': conversion from 'size_t' to 'int', possible loss of data
E:\Fanshawe\Fall_Term\INFO_6016_Network_Programming\Projects\INFO-6016_Project2_AnaDjurkovic\Chat_Common\ProtocolManager.cpp(197,56): warning C4267: '=': conversion from 'size_t' to 'int', possible loss of data
E:\Fanshawe\Fall_Term\INFO_6016_Network_Programming\Projects\INFO-6016_Project2_AnaDjurkovic\Chat_Common\ProtocolManager.cpp(200,34): warning C4267: '=': conversion from 'size_t' to 'int', possible loss of data
     Creating library E:\Fanshawe\Fall_Term\INFO_6016_Network_Programming\Projects\INFO-6016_Project2_AnaDjurkovic\x64\Release\Chat_Common.lib and object E:\Fanshawe\Fall_Term\INFO_6016_Network_Programming\Projects\INFO-6016_Project2_AnaDjurkovic\x64\Release\Chat_Common.exp
  Generating code
  1 of 653 functions ( 0.2%) were compiled, the rest were copied from previous compilation.
    0 functions were new in current compilation
    14 functions had inline decision re-evaluated but remain unchanged
  Finished generating code
  Chat_Common.vcxproj -> E:\Fanshawe\Fall_Term\INFO_6016_Network_Programming\Projects\INFO-6016_Project2_AnaDjurkovic\x64\Release\Chat_Common.dll
