  authentication.pb.cc
E:\Fanshawe\Fall_Term\INFO_6016_Network_Programming\Projects\INFO-6016_Project2_AnaDjurkovic\dev\include\gen\authentication.pb.cc(368,71): warning C4244: '=': conversion from 'uint64_t' to 'google::protobuf::int32', possible loss of data
E:\Fanshawe\Fall_Term\INFO_6016_Network_Programming\Projects\INFO-6016_Project2_AnaDjurkovic\dev\include\gen\authentication.pb.cc(677,71): warning C4244: '=': conversion from 'uint64_t' to 'google::protobuf::int32', possible loss of data
E:\Fanshawe\Fall_Term\INFO_6016_Network_Programming\Projects\INFO-6016_Project2_AnaDjurkovic\dev\include\gen\authentication.pb.cc(686,68): warning C4244: '=': conversion from 'uint64_t' to 'google::protobuf::int32', possible loss of data
E:\Fanshawe\Fall_Term\INFO_6016_Network_Programming\Projects\INFO-6016_Project2_AnaDjurkovic\dev\include\gen\authentication.pb.cc(918,71): warning C4244: '=': conversion from 'uint64_t' to 'google::protobuf::int32', possible loss of data
E:\Fanshawe\Fall_Term\INFO_6016_Network_Programming\Projects\INFO-6016_Project2_AnaDjurkovic\dev\include\gen\authentication.pb.cc(1139,71): warning C4244: '=': conversion from 'uint64_t' to 'google::protobuf::int32', possible loss of data
E:\Fanshawe\Fall_Term\INFO_6016_Network_Programming\Projects\INFO-6016_Project2_AnaDjurkovic\dev\include\gen\authentication.pb.cc(1461,71): warning C4244: '=': conversion from 'uint64_t' to 'google::protobuf::int32', possible loss of data
E:\Fanshawe\Fall_Term\INFO_6016_Network_Programming\Projects\INFO-6016_Project2_AnaDjurkovic\dev\include\gen\authentication.pb.cc(1470,68): warning C4244: '=': conversion from 'uint64_t' to 'google::protobuf::int32', possible loss of data
E:\Fanshawe\Fall_Term\INFO_6016_Network_Programming\Projects\INFO-6016_Project2_AnaDjurkovic\dev\include\gen\authentication.pb.cc(1746,71): warning C4244: '=': conversion from 'uint64_t' to 'google::protobuf::int32', possible loss of data
E:\Fanshawe\Fall_Term\INFO_6016_Network_Programming\Projects\INFO-6016_Project2_AnaDjurkovic\dev\include\google\protobuf\has_bits.h(73,1): warning C4267: 'argument': conversion from 'size_t' to 'int', possible loss of data
E:\Fanshawe\Fall_Term\INFO_6016_Network_Programming\Projects\INFO-6016_Project2_AnaDjurkovic\dev\include\google\protobuf\has_bits.h(72): message : while compiling class template member function 'void google::protobuf::internal::HasBits<1>::Or(const google::protobuf::internal::HasBits<1> &)'
E:\Fanshawe\Fall_Term\INFO_6016_Network_Programming\Projects\INFO-6016_Project2_AnaDjurkovic\dev\include\gen\authentication.pb.cc(413): message : see reference to function template instantiation 'void google::protobuf::internal::HasBits<1>::Or(const google::protobuf::internal::HasBits<1> &)' being compiled
E:\Fanshawe\Fall_Term\INFO_6016_Network_Programming\Projects\INFO-6016_Project2_AnaDjurkovic\dev\include\google\protobuf\has_bits.h(83): message : see reference to class template instantiation 'google::protobuf::internal::HasBits<1>' being compiled
     Creating library E:\Fanshawe\Fall_Term\INFO_6016_Network_Programming\Projects\INFO-6016_Project2_AnaDjurkovic\x64\Debug\Chat_Common.lib and object E:\Fanshawe\Fall_Term\INFO_6016_Network_Programming\Projects\INFO-6016_Project2_AnaDjurkovic\x64\Debug\Chat_Common.exp
libprotobufd.lib(any_lite.obj) : warning LNK4099: PDB 'libprotobufd.pdb' was not found with 'libprotobufd.lib(any_lite.obj)' or at 'E:\Fanshawe\Fall_Term\INFO_6016_Network_Programming\Projects\INFO-6016_Project2_AnaDjurkovic\x64\Debug\libprotobufd.pdb'; linking object as if no debug info
libprotobufd.lib(arena.obj) : warning LNK4099: PDB 'libprotobufd.pdb' was not found with 'libprotobufd.lib(arena.obj)' or at 'E:\Fanshawe\Fall_Term\INFO_6016_Network_Programming\Projects\INFO-6016_Project2_AnaDjurkovic\x64\Debug\libprotobufd.pdb'; linking object as if no debug info
libprotobufd.lib(arenastring.obj) : warning LNK4099: PDB 'libprotobufd.pdb' was not found with 'libprotobufd.lib(arenastring.obj)' or at 'E:\Fanshawe\Fall_Term\INFO_6016_Network_Programming\Projects\INFO-6016_Project2_AnaDjurkovic\x64\Debug\libprotobufd.pdb'; linking object as if no debug info
libprotobufd.lib(extension_set.obj) : warning LNK4099: PDB 'libprotobufd.pdb' was not found with 'libprotobufd.lib(extension_set.obj)' or at 'E:\Fanshawe\Fall_Term\INFO_6016_Network_Programming\Projects\INFO-6016_Project2_AnaDjurkovic\x64\Debug\libprotobufd.pdb'; linking object as if no debug info
libprotobufd.lib(generated_message_util.obj) : warning LNK4099: PDB 'libprotobufd.pdb' was not found with 'libprotobufd.lib(generated_message_util.obj)' or at 'E:\Fanshawe\Fall_Term\INFO_6016_Network_Programming\Projects\INFO-6016_Project2_AnaDjurkovic\x64\Debug\libprotobufd.pdb'; linking object as if no debug info
libprotobufd.lib(implicit_weak_message.obj) : warning LNK4099: PDB 'libprotobufd.pdb' was not found with 'libprotobufd.lib(implicit_weak_message.obj)' or at 'E:\Fanshawe\Fall_Term\INFO_6016_Network_Programming\Projects\INFO-6016_Project2_AnaDjurkovic\x64\Debug\libprotobufd.pdb'; linking object as if no debug info
libprotobufd.lib(coded_stream.obj) : warning LNK4099: PDB 'libprotobufd.pdb' was not found with 'libprotobufd.lib(coded_stream.obj)' or at 'E:\Fanshawe\Fall_Term\INFO_6016_Network_Programming\Projects\INFO-6016_Project2_AnaDjurkovic\x64\Debug\libprotobufd.pdb'; linking object as if no debug info
libprotobufd.lib(io_win32.obj) : warning LNK4099: PDB 'libprotobufd.pdb' was not found with 'libprotobufd.lib(io_win32.obj)' or at 'E:\Fanshawe\Fall_Term\INFO_6016_Network_Programming\Projects\INFO-6016_Project2_AnaDjurkovic\x64\Debug\libprotobufd.pdb'; linking object as if no debug info
libprotobufd.lib(strtod.obj) : warning LNK4099: PDB 'libprotobufd.pdb' was not found with 'libprotobufd.lib(strtod.obj)' or at 'E:\Fanshawe\Fall_Term\INFO_6016_Network_Programming\Projects\INFO-6016_Project2_AnaDjurkovic\x64\Debug\libprotobufd.pdb'; linking object as if no debug info
libprotobufd.lib(zero_copy_stream.obj) : warning LNK4099: PDB 'libprotobufd.pdb' was not found with 'libprotobufd.lib(zero_copy_stream.obj)' or at 'E:\Fanshawe\Fall_Term\INFO_6016_Network_Programming\Projects\INFO-6016_Project2_AnaDjurkovic\x64\Debug\libprotobufd.pdb'; linking object as if no debug info
libprotobufd.lib(zero_copy_stream_impl.obj) : warning LNK4099: PDB 'libprotobufd.pdb' was not found with 'libprotobufd.lib(zero_copy_stream_impl.obj)' or at 'E:\Fanshawe\Fall_Term\INFO_6016_Network_Programming\Projects\INFO-6016_Project2_AnaDjurkovic\x64\Debug\libprotobufd.pdb'; linking object as if no debug info
libprotobufd.lib(zero_copy_stream_impl_lite.obj) : warning LNK4099: PDB 'libprotobufd.pdb' was not found with 'libprotobufd.lib(zero_copy_stream_impl_lite.obj)' or at 'E:\Fanshawe\Fall_Term\INFO_6016_Network_Programming\Projects\INFO-6016_Project2_AnaDjurkovic\x64\Debug\libprotobufd.pdb'; linking object as if no debug info
libprotobufd.lib(map.obj) : warning LNK4099: PDB 'libprotobufd.pdb' was not found with 'libprotobufd.lib(map.obj)' or at 'E:\Fanshawe\Fall_Term\INFO_6016_Network_Programming\Projects\INFO-6016_Project2_AnaDjurkovic\x64\Debug\libprotobufd.pdb'; linking object as if no debug info
libprotobufd.lib(message_lite.obj) : warning LNK4099: PDB 'libprotobufd.pdb' was not found with 'libprotobufd.lib(message_lite.obj)' or at 'E:\Fanshawe\Fall_Term\INFO_6016_Network_Programming\Projects\INFO-6016_Project2_AnaDjurkovic\x64\Debug\libprotobufd.pdb'; linking object as if no debug info
libprotobufd.lib(parse_context.obj) : warning LNK4099: PDB 'libprotobufd.pdb' was not found with 'libprotobufd.lib(parse_context.obj)' or at 'E:\Fanshawe\Fall_Term\INFO_6016_Network_Programming\Projects\INFO-6016_Project2_AnaDjurkovic\x64\Debug\libprotobufd.pdb'; linking object as if no debug info
libprotobufd.lib(repeated_field.obj) : warning LNK4099: PDB '' was not found with 'libprotobufd.lib(repeated_field.obj)' or at ''; linking object as if no debug info
libprotobufd.lib(common.obj) : warning LNK4099: PDB 'libprotobufd.pdb' was not found with 'libprotobufd.lib(common.obj)' or at 'E:\Fanshawe\Fall_Term\INFO_6016_Network_Programming\Projects\INFO-6016_Project2_AnaDjurkovic\x64\Debug\libprotobufd.pdb'; linking object as if no debug info
libprotobufd.lib(int128.obj) : warning LNK4099: PDB '' was not found with 'libprotobufd.lib(int128.obj)' or at ''; linking object as if no debug info
libprotobufd.lib(status.obj) : warning LNK4099: PDB 'libprotobufd.pdb' was not found with 'libprotobufd.lib(status.obj)' or at 'E:\Fanshawe\Fall_Term\INFO_6016_Network_Programming\Projects\INFO-6016_Project2_AnaDjurkovic\x64\Debug\libprotobufd.pdb'; linking object as if no debug info
libprotobufd.lib(stringpiece.obj) : warning LNK4099: PDB 'libprotobufd.pdb' was not found with 'libprotobufd.lib(stringpiece.obj)' or at 'E:\Fanshawe\Fall_Term\INFO_6016_Network_Programming\Projects\INFO-6016_Project2_AnaDjurkovic\x64\Debug\libprotobufd.pdb'; linking object as if no debug info
libprotobufd.lib(stringprintf.obj) : warning LNK4099: PDB 'libprotobufd.pdb' was not found with 'libprotobufd.lib(stringprintf.obj)' or at 'E:\Fanshawe\Fall_Term\INFO_6016_Network_Programming\Projects\INFO-6016_Project2_AnaDjurkovic\x64\Debug\libprotobufd.pdb'; linking object as if no debug info
libprotobufd.lib(structurally_valid.obj) : warning LNK4099: PDB '' was not found with 'libprotobufd.lib(structurally_valid.obj)' or at ''; linking object as if no debug info
libprotobufd.lib(strutil.obj) : warning LNK4099: PDB 'libprotobufd.pdb' was not found with 'libprotobufd.lib(strutil.obj)' or at 'E:\Fanshawe\Fall_Term\INFO_6016_Network_Programming\Projects\INFO-6016_Project2_AnaDjurkovic\x64\Debug\libprotobufd.pdb'; linking object as if no debug info
libprotobufd.lib(wire_format_lite.obj) : warning LNK4099: PDB 'libprotobufd.pdb' was not found with 'libprotobufd.lib(wire_format_lite.obj)' or at 'E:\Fanshawe\Fall_Term\INFO_6016_Network_Programming\Projects\INFO-6016_Project2_AnaDjurkovic\x64\Debug\libprotobufd.pdb'; linking object as if no debug info
libprotobufd.lib(any.obj) : warning LNK4099: PDB '' was not found with 'libprotobufd.lib(any.obj)' or at ''; linking object as if no debug info
libprotobufd.lib(descriptor.obj) : warning LNK4099: PDB 'libprotobufd.pdb' was not found with 'libprotobufd.lib(descriptor.obj)' or at 'E:\Fanshawe\Fall_Term\INFO_6016_Network_Programming\Projects\INFO-6016_Project2_AnaDjurkovic\x64\Debug\libprotobufd.pdb'; linking object as if no debug info
libprotobufd.lib(descriptor.pb.obj) : warning LNK4099: PDB '' was not found with 'libprotobufd.lib(descriptor.pb.obj)' or at ''; linking object as if no debug info
libprotobufd.lib(descriptor_database.obj) : warning LNK4099: PDB '' was not found with 'libprotobufd.lib(descriptor_database.obj)' or at ''; linking object as if no debug info
libprotobufd.lib(dynamic_message.obj) : warning LNK4099: PDB 'libprotobufd.pdb' was not found with 'libprotobufd.lib(dynamic_message.obj)' or at 'E:\Fanshawe\Fall_Term\INFO_6016_Network_Programming\Projects\INFO-6016_Project2_AnaDjurkovic\x64\Debug\libprotobufd.pdb'; linking object as if no debug info
libprotobufd.lib(extension_set_heavy.obj) : warning LNK4099: PDB 'libprotobufd.pdb' was not found with 'libprotobufd.lib(extension_set_heavy.obj)' or at 'E:\Fanshawe\Fall_Term\INFO_6016_Network_Programming\Projects\INFO-6016_Project2_AnaDjurkovic\x64\Debug\libprotobufd.pdb'; linking object as if no debug info
libprotobufd.lib(generated_message_reflection.obj) : warning LNK4099: PDB 'libprotobufd.pdb' was not found with 'libprotobufd.lib(generated_message_reflection.obj)' or at 'E:\Fanshawe\Fall_Term\INFO_6016_Network_Programming\Projects\INFO-6016_Project2_AnaDjurkovic\x64\Debug\libprotobufd.pdb'; linking object as if no debug info
libprotobufd.lib(tokenizer.obj) : warning LNK4099: PDB 'libprotobufd.pdb' was not found with 'libprotobufd.lib(tokenizer.obj)' or at 'E:\Fanshawe\Fall_Term\INFO_6016_Network_Programming\Projects\INFO-6016_Project2_AnaDjurkovic\x64\Debug\libprotobufd.pdb'; linking object as if no debug info
libprotobufd.lib(map_field.obj) : warning LNK4099: PDB 'libprotobufd.pdb' was not found with 'libprotobufd.lib(map_field.obj)' or at 'E:\Fanshawe\Fall_Term\INFO_6016_Network_Programming\Projects\INFO-6016_Project2_AnaDjurkovic\x64\Debug\libprotobufd.pdb'; linking object as if no debug info
libprotobufd.lib(message.obj) : warning LNK4099: PDB 'libprotobufd.pdb' was not found with 'libprotobufd.lib(message.obj)' or at 'E:\Fanshawe\Fall_Term\INFO_6016_Network_Programming\Projects\INFO-6016_Project2_AnaDjurkovic\x64\Debug\libprotobufd.pdb'; linking object as if no debug info
libprotobufd.lib(reflection_ops.obj) : warning LNK4099: PDB 'libprotobufd.pdb' was not found with 'libprotobufd.lib(reflection_ops.obj)' or at 'E:\Fanshawe\Fall_Term\INFO_6016_Network_Programming\Projects\INFO-6016_Project2_AnaDjurkovic\x64\Debug\libprotobufd.pdb'; linking object as if no debug info
libprotobufd.lib(substitute.obj) : warning LNK4099: PDB 'libprotobufd.pdb' was not found with 'libprotobufd.lib(substitute.obj)' or at 'E:\Fanshawe\Fall_Term\INFO_6016_Network_Programming\Projects\INFO-6016_Project2_AnaDjurkovic\x64\Debug\libprotobufd.pdb'; linking object as if no debug info
libprotobufd.lib(text_format.obj) : warning LNK4099: PDB 'libprotobufd.pdb' was not found with 'libprotobufd.lib(text_format.obj)' or at 'E:\Fanshawe\Fall_Term\INFO_6016_Network_Programming\Projects\INFO-6016_Project2_AnaDjurkovic\x64\Debug\libprotobufd.pdb'; linking object as if no debug info
libprotobufd.lib(unknown_field_set.obj) : warning LNK4099: PDB 'libprotobufd.pdb' was not found with 'libprotobufd.lib(unknown_field_set.obj)' or at 'E:\Fanshawe\Fall_Term\INFO_6016_Network_Programming\Projects\INFO-6016_Project2_AnaDjurkovic\x64\Debug\libprotobufd.pdb'; linking object as if no debug info
libprotobufd.lib(wire_format.obj) : warning LNK4099: PDB 'libprotobufd.pdb' was not found with 'libprotobufd.lib(wire_format.obj)' or at 'E:\Fanshawe\Fall_Term\INFO_6016_Network_Programming\Projects\INFO-6016_Project2_AnaDjurkovic\x64\Debug\libprotobufd.pdb'; linking object as if no debug info
  Chat_Common.vcxproj -> E:\Fanshawe\Fall_Term\INFO_6016_Network_Programming\Projects\INFO-6016_Project2_AnaDjurkovic\x64\Debug\Chat_Common.dll
